<?xml version="1.0" encoding="UTF-8"?>
<!-- Generated by org.testng.reporters.JUnitReportReporter -->
<testsuite hostname="User-VAIO" failures="0" tests="1" name="co.makemytrip.testsenarios.TestCases" time="1.402" errors="0" timestamp="2022-10-04T17:13:37 IST" skipped="0">
  <testcase classname="co.makemytrip.testsenarios.TestCases" name="Allcalls" time="1.402"/>
  <system-out/>
</testsuite> <!-- co.makemytrip.testsenarios.TestCases -->
